<?xml version="1.0" encoding="UTF-8"?>
<testsuite name="SeamCarvingTest" tests="1" skipped="0" failures="1" errors="0" timestamp="2021-08-02T19:32:41" hostname="YOGAPAWEL" time="0.676">
  <properties/>
  <testcase name="start" classname="SeamCarvingTest" time="0.676">
    <failure message="java.lang.AssertionError: Exception in test #1&#10;&#10;java.lang.IndexOutOfBoundsException: Index 10 out of bounds for length 10&#13;&#10;&#9;at java.base/jdk.internal.util.Preconditions.outOfBounds(Preconditions.java:64)&#13;&#10;&#9;at java.base/jdk.internal.util.Preconditions.outOfBoundsCheckIndex(Preconditions.java:70)&#13;&#10;&#9;at java.base/jdk.internal.util.Preconditions.checkIndex(Preconditions.java:248)&#13;&#10;&#9;at java.base/java.util.Objects.checkIndex(Objects.java:372)&#13;&#10;&#9;at java.base/java.util.ArrayList.get(ArrayList.java:459)&#13;&#10;&#9;at seamcarving.SeamImg.findSeam(Main.kt:164)&#13;&#10;&#9;at seamcarving.MainKt.main(Main.kt:38)&#10;&#10;Please find below the output of your program during this failed test.&#10;&#10;---&#10;&#10;Arguments: -in test/small.png -out test/small-seam.png&#10;&#10;img.width = 15&#10;img.height = 10&#10;[150.0133327407934, 178.3900221424954, 125.13592609638529, 79.96874389409902, 94.33451118228153, 112.2007130102122, 29.832867780352597, 9.643650760992955, 32.96968304366907, 25.748786379167466]&#10;[203.083726576011, 267.6901193544506, 139.6710420953463, 69.0941386804988, 77.31106001084191, 109.2291169972549, 135.78291497828437, 110.63001401066529, 120.64410470470574, 119.28537211242626]&#10;[218.1719505344351, 231.7067111673721, 61.44916598294886, 15.620499351813308, 46.010868281309364, 104.96666137398103, 147.6312974948063, 134.32423459673984, 117.73274820541648, 111.74524598388962]&#10;[151.60804727981954, 182.21415971323415, 49.54795656734998, 30.967725134404045, 77.272245987806, 270.5864002495321, 207.03864373589778, 110.43550153822818, 62.80127387243033, 77.25930364687478]&#10;[208.61927044259357, 210.86488564955522, 85.87782018658834, 109.10545357588684, 359.30488446443366, 366.0601043544625, 262.1202014343801, 268.83452159274486, 55.78530272392541, 36.0416425818802]&#10;[213.915871313935, 348.7907682264541, 298.23983637334567, 332.2724785473512, 262.7298993262853, 30.0, 229.6867431960321, 254.4503880916671, 74.24284477308234, 42.649736224272246]&#10;[8.831760866327848, 138.03260484392808, 211.90799890518525, 216.09951411328996, 187.741844030573, 178.02527910383964, 163.8169710378018, 221.99774773632276, 150.40944119303148, 124.42266674525185]&#10;[89.99444427296609, 72.98630008433089, 60.63002556489647, 66.24952830020754, 110.85576214162258, 121.74974332621815, 121.57302332343306, 78.75912645528771, 97.02061636580135, 93.18261640456336]&#10;[147.49237268414933, 135.33661736573734, 103.99519219656263, 17.233687939614086, 34.9857113690718, 54.47935388750494, 94.19129471453293, 36.578682316343766, 49.52776998815917, 45.155287619502545]&#10;[73.57309290766564, 74.82646590612174, 118.59595271340417, 144.44029908581606, 93.57884376289333, 113.75851616472501, 84.55175929571188, 65.12296062065974, 60.63002556489647, 42.61455150532503]&#10;[144.30176714094668, 101.39526616169022, 98.48857801796105, 89.66604708583958, 89.70507232035433, 124.39855304624729, 118.15667564721005, 92.00543462209176, 58.762232769015846, 27.147743920996454]&#10;[73.53230582539895, 60.58877783880444, 112.71202242884297, 55.54277630799526, 49.678969393496885, 54.147945482723536, 176.43695757975425, 161.7127082204735, 93.06449376641986, 92.09777413162601]&#10;[33.331666624997915, 38.18376618407357, 79.63039620647382, 195.73195957737715, 191.7785180879235, 256.09568524284043, 193.86851214160592, 197.22829411623476, 81.22807396460905, 103.68702908271604]&#10;[44.27188724235731, 47.8748368143433, 117.00854669638453, 272.0183817318234, 215.59220765138986, 321.29581385383784, 113.87712676389407, 169.1744661584602, 48.80573736764972, 63.23764701504951]&#10;[28.106938645110393, 53.693575034635195, 135.05184189784308, 197.2004056790959, 23.769728648009426, 182.62256158536383, 99.0706818387761, 170.66927081346543, 22.693611435820433, 24.43358344574123]&#10;energy array= [[D@6e42b87d&#10;[150.0133327407934, 178.3900221424954, 125.13592609638529, 79.96874389409902, 94.33451118228153, 112.2007130102122, 29.832867780352597, 9.643650760992955, 32.96968304366907, 25.748786379167466]&#10;[203.083726576011, 267.6901193544506, 139.6710420953463, 69.0941386804988, 77.31106001084191, 109.2291169972549, 135.78291497828437, 110.63001401066529, 120.64410470470574, 119.28537211242626]&#10;[218.1719505344351, 231.7067111673721, 61.44916598294886, 15.620499351813308, 46.010868281309364, 104.96666137398103, 147.6312974948063, 134.32423459673984, 117.73274820541648, 111.74524598388962]&#10;[151.60804727981954, 182.21415971323415, 49.54795656734998, 30.967725134404045, 77.272245987806, 270.5864002495321, 207.03864373589778, 110.43550153822818, 62.80127387243033, 77.25930364687478]&#10;[208.61927044259357, 210.86488564955522, 85.87782018658834, 109.10545357588684, 359.30488446443366, 366.0601043544625, 262.1202014343801, 268.83452159274486, 55.78530272392541, 36.0416425818802]&#10;[213.915871313935, 348.7907682264541, 298.23983637334567, 332.2724785473512, 262.7298993262853, 30.0, 229.6867431960321, 254.4503880916671, 74.24284477308234, 42.649736224272246]&#10;[8.831760866327848, 138.03260484392808, 211.90799890518525, 216.09951411328996, 187.741844030573, 178.02527910383964, 163.8169710378018, 221.99774773632276, 150.40944119303148, 124.42266674525185]&#10;[89.99444427296609, 72.98630008433089, 60.63002556489647, 66.24952830020754, 110.85576214162258, 121.74974332621815, 121.57302332343306, 78.75912645528771, 97.02061636580135, 93.18261640456336]&#10;[147.49237268414933, 135.33661736573734, 103.99519219656263, 17.233687939614086, 34.9857113690718, 54.47935388750494, 94.19129471453293, 36.578682316343766, 49.52776998815917, 45.155287619502545]&#10;[73.57309290766564, 74.82646590612174, 118.59595271340417, 144.44029908581606, 93.57884376289333, 113.75851616472501, 84.55175929571188, 65.12296062065974, 60.63002556489647, 42.61455150532503]&#10;[144.30176714094668, 101.39526616169022, 98.48857801796105, 89.66604708583958, 89.70507232035433, 124.39855304624729, 118.15667564721005, 92.00543462209176, 58.762232769015846, 27.147743920996454]&#10;[73.53230582539895, 60.58877783880444, 112.71202242884297, 55.54277630799526, 49.678969393496885, 54.147945482723536, 176.43695757975425, 161.7127082204735, 93.06449376641986, 92.09777413162601]&#10;[33.331666624997915, 38.18376618407357, 79.63039620647382, 195.73195957737715, 191.7785180879235, 256.09568524284043, 193.86851214160592, 197.22829411623476, 81.22807396460905, 103.68702908271604]&#10;[44.27188724235731, 47.8748368143433, 117.00854669638453, 272.0183817318234, 215.59220765138986, 321.29581385383784, 113.87712676389407, 169.1744661584602, 48.80573736764972, 63.23764701504951]&#10;[28.106938645110393, 53.693575034635195, 135.05184189784308, 197.2004056790959, 23.769728648009426, 182.62256158536383, 99.0706818387761, 170.66927081346543, 22.693611435820433, 24.43358344574123]&#10;seam array= [[0.0, 0.0, 0.0, 0.0, 0.0, 0.0, 0.0, 0.0, 0.0, 0.0, 0.0, 0.0, 0.0, 0.0, 0.0], [150.0133327407934, 178.3900221424954, 125.13592609638529, 79.96874389409902, 94.33451118228153, 112.2007130102122, 29.832867780352597, 9.643650760992955, 32.96968304366907, 25.748786379167466], [203.083726576011, 267.6901193544506, 139.6710420953463, 69.0941386804988, 77.31106001084191, 109.2291169972549, 135.78291497828437, 110.63001401066529, 120.64410470470574, 119.28537211242626], [218.1719505344351, 231.7067111673721, 61.44916598294886, 15.620499351813308, 46.010868281309364, 104.96666137398103, 147.6312974948063, 134.32423459673984, 117.73274820541648, 111.74524598388962], [151.60804727981954, 182.21415971323415, 49.54795656734998, 30.967725134404045, 77.272245987806, 270.5864002495321, 207.03864373589778, 110.43550153822818, 62.80127387243033, 77.25930364687478], [208.61927044259357, 210.86488564955522, 85.87782018658834, 109.10545357588684, 359.30488446443366, 366.0601043544625, 262.1202014343801, 268.83452159274486, 55.78530272392541, 36.0416425818802], [213.915871313935, 348.7907682264541, 298.23983637334567, 332.2724785473512, 262.7298993262853, 30.0, 229.6867431960321, 254.4503880916671, 74.24284477308234, 42.649736224272246], [8.831760866327848, 138.03260484392808, 211.90799890518525, 216.09951411328996, 187.741844030573, 178.02527910383964, 163.8169710378018, 221.99774773632276, 150.40944119303148, 124.42266674525185], [89.99444427296609, 72.98630008433089, 60.63002556489647, 66.24952830020754, 110.85576214162258, 121.74974332621815, 121.57302332343306, 78.75912645528771, 97.02061636580135, 93.18261640456336], [147.49237268414933, 135.33661736573734, 103.99519219656263, 17.233687939614086, 34.9857113690718, 54.47935388750494, 94.19129471453293, 36.578682316343766, 49.52776998815917, 45.155287619502545], [73.57309290766564, 74.82646590612174, 118.59595271340417, 144.44029908581606, 93.57884376289333, 113.75851616472501, 84.55175929571188, 65.12296062065974, 60.63002556489647, 42.61455150532503], [144.30176714094668, 101.39526616169022, 98.48857801796105, 89.66604708583958, 89.70507232035433, 124.39855304624729, 118.15667564721005, 92.00543462209176, 58.762232769015846, 27.147743920996454], [0.0, 0.0, 0.0, 0.0, 0.0, 0.0, 0.0, 0.0, 0.0, 0.0, 0.0, 0.0, 0.0, 0.0, 0.0]]&#10;[0.0, 0.0, 0.0, 0.0, 0.0, 0.0, 0.0, 0.0, 0.0, 0.0, 0.0, 0.0, 0.0, 0.0, 0.0]&#10;[150.0133327407934, 178.3900221424954, 125.13592609638529, 79.96874389409902, 94.33451118228153, 112.2007130102122, 29.832867780352597, 9.643650760992955, 32.96968304366907, 25.748786379167466]&#10;[203.083726576011, 267.6901193544506, 139.6710420953463, 69.0941386804988, 77.31106001084191, 109.2291169972549, 135.78291497828437, 110.63001401066529, 120.64410470470574, 119.28537211242626]&#10;[218.1719505344351, 231.7067111673721, 61.44916598294886, 15.620499351813308, 46.010868281309364, 104.96666137398103, 147.6312974948063, 134.32423459673984, 117.73274820541648, 111.74524598388962]&#10;[151.60804727981954, 182.21415971323415, 49.54795656734998, 30.967725134404045, 77.272245987806, 270.5864002495321, 207.03864373589778, 110.43550153822818, 62.80127387243033, 77.25930364687478]&#10;[208.61927044259357, 210.86488564955522, 85.87782018658834, 109.10545357588684, 359.30488446443366, 366.0601043544625, 262.1202014343801, 268.83452159274486, 55.78530272392541, 36.0416425818802]&#10;[213.915871313935, 348.7907682264541, 298.23983637334567, 332.2724785473512, 262.7298993262853, 30.0, 229.6867431960321, 254.4503880916671, 74.24284477308234, 42.649736224272246]&#10;[8.831760866327848, 138.03260484392808, 211.90799890518525, 216.09951411328996, 187.741844030573, 178.02527910383964, 163.8169710378018, 221.99774773632276, 150.40944119303148, 124.42266674525185]&#10;[89.99444427296609, 72.98630008433089, 60.63002556489647, 66.24952830020754, 110.85576214162258, 121.74974332621815, 121.57302332343306, 78.75912645528771, 97.02061636580135, 93.18261640456336]&#10;[147.49237268414933, 135.33661736573734, 103.99519219656263, 17.233687939614086, 34.9857113690718, 54.47935388750494, 94.19129471453293, 36.578682316343766, 49.52776998815917, 45.155287619502545]&#10;[73.57309290766564, 74.82646590612174, 118.59595271340417, 144.44029908581606, 93.57884376289333, 113.75851616472501, 84.55175929571188, 65.12296062065974, 60.63002556489647, 42.61455150532503]&#10;[144.30176714094668, 101.39526616169022, 98.48857801796105, 89.66604708583958, 89.70507232035433, 124.39855304624729, 118.15667564721005, 92.00543462209176, 58.762232769015846, 27.147743920996454]&#10;[0.0, 0.0, 0.0, 0.0, 0.0, 0.0, 0.0, 0.0, 0.0, 0.0, 0.0, 0.0, 0.0, 0.0, 0.0]&#10;size 13&#10;size0 15&#10;size1 10&#10;size2 10" type="java.lang.AssertionError">java.lang.AssertionError: Exception in test #1

java.lang.IndexOutOfBoundsException: Index 10 out of bounds for length 10
	at java.base/jdk.internal.util.Preconditions.outOfBounds(Preconditions.java:64)
	at java.base/jdk.internal.util.Preconditions.outOfBoundsCheckIndex(Preconditions.java:70)
	at java.base/jdk.internal.util.Preconditions.checkIndex(Preconditions.java:248)
	at java.base/java.util.Objects.checkIndex(Objects.java:372)
	at java.base/java.util.ArrayList.get(ArrayList.java:459)
	at seamcarving.SeamImg.findSeam(Main.kt:164)
	at seamcarving.MainKt.main(Main.kt:38)

Please find below the output of your program during this failed test.

---

Arguments: -in test/small.png -out test/small-seam.png

img.width = 15
img.height = 10
[150.0133327407934, 178.3900221424954, 125.13592609638529, 79.96874389409902, 94.33451118228153, 112.2007130102122, 29.832867780352597, 9.643650760992955, 32.96968304366907, 25.748786379167466]
[203.083726576011, 267.6901193544506, 139.6710420953463, 69.0941386804988, 77.31106001084191, 109.2291169972549, 135.78291497828437, 110.63001401066529, 120.64410470470574, 119.28537211242626]
[218.1719505344351, 231.7067111673721, 61.44916598294886, 15.620499351813308, 46.010868281309364, 104.96666137398103, 147.6312974948063, 134.32423459673984, 117.73274820541648, 111.74524598388962]
[151.60804727981954, 182.21415971323415, 49.54795656734998, 30.967725134404045, 77.272245987806, 270.5864002495321, 207.03864373589778, 110.43550153822818, 62.80127387243033, 77.25930364687478]
[208.61927044259357, 210.86488564955522, 85.87782018658834, 109.10545357588684, 359.30488446443366, 366.0601043544625, 262.1202014343801, 268.83452159274486, 55.78530272392541, 36.0416425818802]
[213.915871313935, 348.7907682264541, 298.23983637334567, 332.2724785473512, 262.7298993262853, 30.0, 229.6867431960321, 254.4503880916671, 74.24284477308234, 42.649736224272246]
[8.831760866327848, 138.03260484392808, 211.90799890518525, 216.09951411328996, 187.741844030573, 178.02527910383964, 163.8169710378018, 221.99774773632276, 150.40944119303148, 124.42266674525185]
[89.99444427296609, 72.98630008433089, 60.63002556489647, 66.24952830020754, 110.85576214162258, 121.74974332621815, 121.57302332343306, 78.75912645528771, 97.02061636580135, 93.18261640456336]
[147.49237268414933, 135.33661736573734, 103.99519219656263, 17.233687939614086, 34.9857113690718, 54.47935388750494, 94.19129471453293, 36.578682316343766, 49.52776998815917, 45.155287619502545]
[73.57309290766564, 74.82646590612174, 118.59595271340417, 144.44029908581606, 93.57884376289333, 113.75851616472501, 84.55175929571188, 65.12296062065974, 60.63002556489647, 42.61455150532503]
[144.30176714094668, 101.39526616169022, 98.48857801796105, 89.66604708583958, 89.70507232035433, 124.39855304624729, 118.15667564721005, 92.00543462209176, 58.762232769015846, 27.147743920996454]
[73.53230582539895, 60.58877783880444, 112.71202242884297, 55.54277630799526, 49.678969393496885, 54.147945482723536, 176.43695757975425, 161.7127082204735, 93.06449376641986, 92.09777413162601]
[33.331666624997915, 38.18376618407357, 79.63039620647382, 195.73195957737715, 191.7785180879235, 256.09568524284043, 193.86851214160592, 197.22829411623476, 81.22807396460905, 103.68702908271604]
[44.27188724235731, 47.8748368143433, 117.00854669638453, 272.0183817318234, 215.59220765138986, 321.29581385383784, 113.87712676389407, 169.1744661584602, 48.80573736764972, 63.23764701504951]
[28.106938645110393, 53.693575034635195, 135.05184189784308, 197.2004056790959, 23.769728648009426, 182.62256158536383, 99.0706818387761, 170.66927081346543, 22.693611435820433, 24.43358344574123]
energy array= [[D@6e42b87d
[150.0133327407934, 178.3900221424954, 125.13592609638529, 79.96874389409902, 94.33451118228153, 112.2007130102122, 29.832867780352597, 9.643650760992955, 32.96968304366907, 25.748786379167466]
[203.083726576011, 267.6901193544506, 139.6710420953463, 69.0941386804988, 77.31106001084191, 109.2291169972549, 135.78291497828437, 110.63001401066529, 120.64410470470574, 119.28537211242626]
[218.1719505344351, 231.7067111673721, 61.44916598294886, 15.620499351813308, 46.010868281309364, 104.96666137398103, 147.6312974948063, 134.32423459673984, 117.73274820541648, 111.74524598388962]
[151.60804727981954, 182.21415971323415, 49.54795656734998, 30.967725134404045, 77.272245987806, 270.5864002495321, 207.03864373589778, 110.43550153822818, 62.80127387243033, 77.25930364687478]
[208.61927044259357, 210.86488564955522, 85.87782018658834, 109.10545357588684, 359.30488446443366, 366.0601043544625, 262.1202014343801, 268.83452159274486, 55.78530272392541, 36.0416425818802]
[213.915871313935, 348.7907682264541, 298.23983637334567, 332.2724785473512, 262.7298993262853, 30.0, 229.6867431960321, 254.4503880916671, 74.24284477308234, 42.649736224272246]
[8.831760866327848, 138.03260484392808, 211.90799890518525, 216.09951411328996, 187.741844030573, 178.02527910383964, 163.8169710378018, 221.99774773632276, 150.40944119303148, 124.42266674525185]
[89.99444427296609, 72.98630008433089, 60.63002556489647, 66.24952830020754, 110.85576214162258, 121.74974332621815, 121.57302332343306, 78.75912645528771, 97.02061636580135, 93.18261640456336]
[147.49237268414933, 135.33661736573734, 103.99519219656263, 17.233687939614086, 34.9857113690718, 54.47935388750494, 94.19129471453293, 36.578682316343766, 49.52776998815917, 45.155287619502545]
[73.57309290766564, 74.82646590612174, 118.59595271340417, 144.44029908581606, 93.57884376289333, 113.75851616472501, 84.55175929571188, 65.12296062065974, 60.63002556489647, 42.61455150532503]
[144.30176714094668, 101.39526616169022, 98.48857801796105, 89.66604708583958, 89.70507232035433, 124.39855304624729, 118.15667564721005, 92.00543462209176, 58.762232769015846, 27.147743920996454]
[73.53230582539895, 60.58877783880444, 112.71202242884297, 55.54277630799526, 49.678969393496885, 54.147945482723536, 176.43695757975425, 161.7127082204735, 93.06449376641986, 92.09777413162601]
[33.331666624997915, 38.18376618407357, 79.63039620647382, 195.73195957737715, 191.7785180879235, 256.09568524284043, 193.86851214160592, 197.22829411623476, 81.22807396460905, 103.68702908271604]
[44.27188724235731, 47.8748368143433, 117.00854669638453, 272.0183817318234, 215.59220765138986, 321.29581385383784, 113.87712676389407, 169.1744661584602, 48.80573736764972, 63.23764701504951]
[28.106938645110393, 53.693575034635195, 135.05184189784308, 197.2004056790959, 23.769728648009426, 182.62256158536383, 99.0706818387761, 170.66927081346543, 22.693611435820433, 24.43358344574123]
seam array= [[0.0, 0.0, 0.0, 0.0, 0.0, 0.0, 0.0, 0.0, 0.0, 0.0, 0.0, 0.0, 0.0, 0.0, 0.0], [150.0133327407934, 178.3900221424954, 125.13592609638529, 79.96874389409902, 94.33451118228153, 112.2007130102122, 29.832867780352597, 9.643650760992955, 32.96968304366907, 25.748786379167466], [203.083726576011, 267.6901193544506, 139.6710420953463, 69.0941386804988, 77.31106001084191, 109.2291169972549, 135.78291497828437, 110.63001401066529, 120.64410470470574, 119.28537211242626], [218.1719505344351, 231.7067111673721, 61.44916598294886, 15.620499351813308, 46.010868281309364, 104.96666137398103, 147.6312974948063, 134.32423459673984, 117.73274820541648, 111.74524598388962], [151.60804727981954, 182.21415971323415, 49.54795656734998, 30.967725134404045, 77.272245987806, 270.5864002495321, 207.03864373589778, 110.43550153822818, 62.80127387243033, 77.25930364687478], [208.61927044259357, 210.86488564955522, 85.87782018658834, 109.10545357588684, 359.30488446443366, 366.0601043544625, 262.1202014343801, 268.83452159274486, 55.78530272392541, 36.0416425818802], [213.915871313935, 348.7907682264541, 298.23983637334567, 332.2724785473512, 262.7298993262853, 30.0, 229.6867431960321, 254.4503880916671, 74.24284477308234, 42.649736224272246], [8.831760866327848, 138.03260484392808, 211.90799890518525, 216.09951411328996, 187.741844030573, 178.02527910383964, 163.8169710378018, 221.99774773632276, 150.40944119303148, 124.42266674525185], [89.99444427296609, 72.98630008433089, 60.63002556489647, 66.24952830020754, 110.85576214162258, 121.74974332621815, 121.57302332343306, 78.75912645528771, 97.02061636580135, 93.18261640456336], [147.49237268414933, 135.33661736573734, 103.99519219656263, 17.233687939614086, 34.9857113690718, 54.47935388750494, 94.19129471453293, 36.578682316343766, 49.52776998815917, 45.155287619502545], [73.57309290766564, 74.82646590612174, 118.59595271340417, 144.44029908581606, 93.57884376289333, 113.75851616472501, 84.55175929571188, 65.12296062065974, 60.63002556489647, 42.61455150532503], [144.30176714094668, 101.39526616169022, 98.48857801796105, 89.66604708583958, 89.70507232035433, 124.39855304624729, 118.15667564721005, 92.00543462209176, 58.762232769015846, 27.147743920996454], [0.0, 0.0, 0.0, 0.0, 0.0, 0.0, 0.0, 0.0, 0.0, 0.0, 0.0, 0.0, 0.0, 0.0, 0.0]]
[0.0, 0.0, 0.0, 0.0, 0.0, 0.0, 0.0, 0.0, 0.0, 0.0, 0.0, 0.0, 0.0, 0.0, 0.0]
[150.0133327407934, 178.3900221424954, 125.13592609638529, 79.96874389409902, 94.33451118228153, 112.2007130102122, 29.832867780352597, 9.643650760992955, 32.96968304366907, 25.748786379167466]
[203.083726576011, 267.6901193544506, 139.6710420953463, 69.0941386804988, 77.31106001084191, 109.2291169972549, 135.78291497828437, 110.63001401066529, 120.64410470470574, 119.28537211242626]
[218.1719505344351, 231.7067111673721, 61.44916598294886, 15.620499351813308, 46.010868281309364, 104.96666137398103, 147.6312974948063, 134.32423459673984, 117.73274820541648, 111.74524598388962]
[151.60804727981954, 182.21415971323415, 49.54795656734998, 30.967725134404045, 77.272245987806, 270.5864002495321, 207.03864373589778, 110.43550153822818, 62.80127387243033, 77.25930364687478]
[208.61927044259357, 210.86488564955522, 85.87782018658834, 109.10545357588684, 359.30488446443366, 366.0601043544625, 262.1202014343801, 268.83452159274486, 55.78530272392541, 36.0416425818802]
[213.915871313935, 348.7907682264541, 298.23983637334567, 332.2724785473512, 262.7298993262853, 30.0, 229.6867431960321, 254.4503880916671, 74.24284477308234, 42.649736224272246]
[8.831760866327848, 138.03260484392808, 211.90799890518525, 216.09951411328996, 187.741844030573, 178.02527910383964, 163.8169710378018, 221.99774773632276, 150.40944119303148, 124.42266674525185]
[89.99444427296609, 72.98630008433089, 60.63002556489647, 66.24952830020754, 110.85576214162258, 121.74974332621815, 121.57302332343306, 78.75912645528771, 97.02061636580135, 93.18261640456336]
[147.49237268414933, 135.33661736573734, 103.99519219656263, 17.233687939614086, 34.9857113690718, 54.47935388750494, 94.19129471453293, 36.578682316343766, 49.52776998815917, 45.155287619502545]
[73.57309290766564, 74.82646590612174, 118.59595271340417, 144.44029908581606, 93.57884376289333, 113.75851616472501, 84.55175929571188, 65.12296062065974, 60.63002556489647, 42.61455150532503]
[144.30176714094668, 101.39526616169022, 98.48857801796105, 89.66604708583958, 89.70507232035433, 124.39855304624729, 118.15667564721005, 92.00543462209176, 58.762232769015846, 27.147743920996454]
[0.0, 0.0, 0.0, 0.0, 0.0, 0.0, 0.0, 0.0, 0.0, 0.0, 0.0, 0.0, 0.0, 0.0, 0.0]
size 13
size0 15
size1 10
size2 10
	at org.junit.Assert.fail(Assert.java:88)
	at org.hyperskill.hstest.stage.StageTest.start(StageTest.java:141)
	at java.base/jdk.internal.reflect.NativeMethodAccessorImpl.invoke0(Native Method)
	at java.base/jdk.internal.reflect.NativeMethodAccessorImpl.invoke(NativeMethodAccessorImpl.java:62)
	at java.base/jdk.internal.reflect.DelegatingMethodAccessorImpl.invoke(DelegatingMethodAccessorImpl.java:43)
	at java.base/java.lang.reflect.Method.invoke(Method.java:566)
	at org.junit.runners.model.FrameworkMethod$1.runReflectiveCall(FrameworkMethod.java:50)
	at org.junit.internal.runners.model.ReflectiveCallable.run(ReflectiveCallable.java:12)
	at org.junit.runners.model.FrameworkMethod.invokeExplosively(FrameworkMethod.java:47)
	at org.junit.internal.runners.statements.InvokeMethod.evaluate(InvokeMethod.java:17)
	at org.junit.runners.ParentRunner.runLeaf(ParentRunner.java:325)
	at org.junit.runners.BlockJUnit4ClassRunner.runChild(BlockJUnit4ClassRunner.java:78)
	at org.junit.runners.BlockJUnit4ClassRunner.runChild(BlockJUnit4ClassRunner.java:57)
	at org.junit.runners.ParentRunner$3.run(ParentRunner.java:290)
	at org.junit.runners.ParentRunner$1.schedule(ParentRunner.java:71)
	at org.junit.runners.ParentRunner.runChildren(ParentRunner.java:288)
	at org.junit.runners.ParentRunner.access$000(ParentRunner.java:58)
	at org.junit.runners.ParentRunner$2.evaluate(ParentRunner.java:268)
	at org.junit.runners.ParentRunner.run(ParentRunner.java:363)
	at org.gradle.api.internal.tasks.testing.junit.JUnitTestClassExecutor.runTestClass(JUnitTestClassExecutor.java:110)
	at org.gradle.api.internal.tasks.testing.junit.JUnitTestClassExecutor.execute(JUnitTestClassExecutor.java:58)
	at org.gradle.api.internal.tasks.testing.junit.JUnitTestClassExecutor.execute(JUnitTestClassExecutor.java:38)
	at org.gradle.api.internal.tasks.testing.junit.AbstractJUnitTestClassProcessor.processTestClass(AbstractJUnitTestClassProcessor.java:62)
	at org.gradle.api.internal.tasks.testing.SuiteTestClassProcessor.processTestClass(SuiteTestClassProcessor.java:51)
	at java.base/jdk.internal.reflect.NativeMethodAccessorImpl.invoke0(Native Method)
	at java.base/jdk.internal.reflect.NativeMethodAccessorImpl.invoke(NativeMethodAccessorImpl.java:62)
	at java.base/jdk.internal.reflect.DelegatingMethodAccessorImpl.invoke(DelegatingMethodAccessorImpl.java:43)
	at java.base/java.lang.reflect.Method.invoke(Method.java:566)
	at org.gradle.internal.dispatch.ReflectionDispatch.dispatch(ReflectionDispatch.java:36)
	at org.gradle.internal.dispatch.ReflectionDispatch.dispatch(ReflectionDispatch.java:24)
	at org.gradle.internal.dispatch.ContextClassLoaderDispatch.dispatch(ContextClassLoaderDispatch.java:33)
	at org.gradle.internal.dispatch.ProxyDispatchAdapter$DispatchingInvocationHandler.invoke(ProxyDispatchAdapter.java:94)
	at com.sun.proxy.$Proxy2.processTestClass(Unknown Source)
	at org.gradle.api.internal.tasks.testing.worker.TestWorker.processTestClass(TestWorker.java:121)
	at java.base/jdk.internal.reflect.NativeMethodAccessorImpl.invoke0(Native Method)
	at java.base/jdk.internal.reflect.NativeMethodAccessorImpl.invoke(NativeMethodAccessorImpl.java:62)
	at java.base/jdk.internal.reflect.DelegatingMethodAccessorImpl.invoke(DelegatingMethodAccessorImpl.java:43)
	at java.base/java.lang.reflect.Method.invoke(Method.java:566)
	at org.gradle.internal.dispatch.ReflectionDispatch.dispatch(ReflectionDispatch.java:36)
	at org.gradle.internal.dispatch.ReflectionDispatch.dispatch(ReflectionDispatch.java:24)
	at org.gradle.internal.remote.internal.hub.MessageHubBackedObjectConnection$DispatchWrapper.dispatch(MessageHubBackedObjectConnection.java:182)
	at org.gradle.internal.remote.internal.hub.MessageHubBackedObjectConnection$DispatchWrapper.dispatch(MessageHubBackedObjectConnection.java:164)
	at org.gradle.internal.remote.internal.hub.MessageHub$Handler.run(MessageHub.java:414)
	at org.gradle.internal.concurrent.ExecutorPolicy$CatchAndRecordFailures.onExecute(ExecutorPolicy.java:64)
	at org.gradle.internal.concurrent.ManagedExecutorImpl$1.run(ManagedExecutorImpl.java:48)
	at java.base/java.util.concurrent.ThreadPoolExecutor.runWorker(ThreadPoolExecutor.java:1128)
	at java.base/java.util.concurrent.ThreadPoolExecutor$Worker.run(ThreadPoolExecutor.java:628)
	at org.gradle.internal.concurrent.ThreadFactoryImpl$ManagedThreadRunnable.run(ThreadFactoryImpl.java:56)
	at java.base/java.lang.Thread.run(Thread.java:829)
</failure>
  </testcase>
  <system-out><![CDATA[?[1;31m
Start test 1?[0m
img.width = 15
img.height = 10
[150.0133327407934, 178.3900221424954, 125.13592609638529, 79.96874389409902, 94.33451118228153, 112.2007130102122, 29.832867780352597, 9.643650760992955, 32.96968304366907, 25.748786379167466]
[203.083726576011, 267.6901193544506, 139.6710420953463, 69.0941386804988, 77.31106001084191, 109.2291169972549, 135.78291497828437, 110.63001401066529, 120.64410470470574, 119.28537211242626]
[218.1719505344351, 231.7067111673721, 61.44916598294886, 15.620499351813308, 46.010868281309364, 104.96666137398103, 147.6312974948063, 134.32423459673984, 117.73274820541648, 111.74524598388962]
[151.60804727981954, 182.21415971323415, 49.54795656734998, 30.967725134404045, 77.272245987806, 270.5864002495321, 207.03864373589778, 110.43550153822818, 62.80127387243033, 77.25930364687478]
[208.61927044259357, 210.86488564955522, 85.87782018658834, 109.10545357588684, 359.30488446443366, 366.0601043544625, 262.1202014343801, 268.83452159274486, 55.78530272392541, 36.0416425818802]
[213.915871313935, 348.7907682264541, 298.23983637334567, 332.2724785473512, 262.7298993262853, 30.0, 229.6867431960321, 254.4503880916671, 74.24284477308234, 42.649736224272246]
[8.831760866327848, 138.03260484392808, 211.90799890518525, 216.09951411328996, 187.741844030573, 178.02527910383964, 163.8169710378018, 221.99774773632276, 150.40944119303148, 124.42266674525185]
[89.99444427296609, 72.98630008433089, 60.63002556489647, 66.24952830020754, 110.85576214162258, 121.74974332621815, 121.57302332343306, 78.75912645528771, 97.02061636580135, 93.18261640456336]
[147.49237268414933, 135.33661736573734, 103.99519219656263, 17.233687939614086, 34.9857113690718, 54.47935388750494, 94.19129471453293, 36.578682316343766, 49.52776998815917, 45.155287619502545]
[73.57309290766564, 74.82646590612174, 118.59595271340417, 144.44029908581606, 93.57884376289333, 113.75851616472501, 84.55175929571188, 65.12296062065974, 60.63002556489647, 42.61455150532503]
[144.30176714094668, 101.39526616169022, 98.48857801796105, 89.66604708583958, 89.70507232035433, 124.39855304624729, 118.15667564721005, 92.00543462209176, 58.762232769015846, 27.147743920996454]
[73.53230582539895, 60.58877783880444, 112.71202242884297, 55.54277630799526, 49.678969393496885, 54.147945482723536, 176.43695757975425, 161.7127082204735, 93.06449376641986, 92.09777413162601]
[33.331666624997915, 38.18376618407357, 79.63039620647382, 195.73195957737715, 191.7785180879235, 256.09568524284043, 193.86851214160592, 197.22829411623476, 81.22807396460905, 103.68702908271604]
[44.27188724235731, 47.8748368143433, 117.00854669638453, 272.0183817318234, 215.59220765138986, 321.29581385383784, 113.87712676389407, 169.1744661584602, 48.80573736764972, 63.23764701504951]
[28.106938645110393, 53.693575034635195, 135.05184189784308, 197.2004056790959, 23.769728648009426, 182.62256158536383, 99.0706818387761, 170.66927081346543, 22.693611435820433, 24.43358344574123]
energy array= [[D@6e42b87d
[150.0133327407934, 178.3900221424954, 125.13592609638529, 79.96874389409902, 94.33451118228153, 112.2007130102122, 29.832867780352597, 9.643650760992955, 32.96968304366907, 25.748786379167466]
[203.083726576011, 267.6901193544506, 139.6710420953463, 69.0941386804988, 77.31106001084191, 109.2291169972549, 135.78291497828437, 110.63001401066529, 120.64410470470574, 119.28537211242626]
[218.1719505344351, 231.7067111673721, 61.44916598294886, 15.620499351813308, 46.010868281309364, 104.96666137398103, 147.6312974948063, 134.32423459673984, 117.73274820541648, 111.74524598388962]
[151.60804727981954, 182.21415971323415, 49.54795656734998, 30.967725134404045, 77.272245987806, 270.5864002495321, 207.03864373589778, 110.43550153822818, 62.80127387243033, 77.25930364687478]
[208.61927044259357, 210.86488564955522, 85.87782018658834, 109.10545357588684, 359.30488446443366, 366.0601043544625, 262.1202014343801, 268.83452159274486, 55.78530272392541, 36.0416425818802]
[213.915871313935, 348.7907682264541, 298.23983637334567, 332.2724785473512, 262.7298993262853, 30.0, 229.6867431960321, 254.4503880916671, 74.24284477308234, 42.649736224272246]
[8.831760866327848, 138.03260484392808, 211.90799890518525, 216.09951411328996, 187.741844030573, 178.02527910383964, 163.8169710378018, 221.99774773632276, 150.40944119303148, 124.42266674525185]
[89.99444427296609, 72.98630008433089, 60.63002556489647, 66.24952830020754, 110.85576214162258, 121.74974332621815, 121.57302332343306, 78.75912645528771, 97.02061636580135, 93.18261640456336]
[147.49237268414933, 135.33661736573734, 103.99519219656263, 17.233687939614086, 34.9857113690718, 54.47935388750494, 94.19129471453293, 36.578682316343766, 49.52776998815917, 45.155287619502545]
[73.57309290766564, 74.82646590612174, 118.59595271340417, 144.44029908581606, 93.57884376289333, 113.75851616472501, 84.55175929571188, 65.12296062065974, 60.63002556489647, 42.61455150532503]
[144.30176714094668, 101.39526616169022, 98.48857801796105, 89.66604708583958, 89.70507232035433, 124.39855304624729, 118.15667564721005, 92.00543462209176, 58.762232769015846, 27.147743920996454]
[73.53230582539895, 60.58877783880444, 112.71202242884297, 55.54277630799526, 49.678969393496885, 54.147945482723536, 176.43695757975425, 161.7127082204735, 93.06449376641986, 92.09777413162601]
[33.331666624997915, 38.18376618407357, 79.63039620647382, 195.73195957737715, 191.7785180879235, 256.09568524284043, 193.86851214160592, 197.22829411623476, 81.22807396460905, 103.68702908271604]
[44.27188724235731, 47.8748368143433, 117.00854669638453, 272.0183817318234, 215.59220765138986, 321.29581385383784, 113.87712676389407, 169.1744661584602, 48.80573736764972, 63.23764701504951]
[28.106938645110393, 53.693575034635195, 135.05184189784308, 197.2004056790959, 23.769728648009426, 182.62256158536383, 99.0706818387761, 170.66927081346543, 22.693611435820433, 24.43358344574123]
seam array= [[0.0, 0.0, 0.0, 0.0, 0.0, 0.0, 0.0, 0.0, 0.0, 0.0, 0.0, 0.0, 0.0, 0.0, 0.0], [150.0133327407934, 178.3900221424954, 125.13592609638529, 79.96874389409902, 94.33451118228153, 112.2007130102122, 29.832867780352597, 9.643650760992955, 32.96968304366907, 25.748786379167466], [203.083726576011, 267.6901193544506, 139.6710420953463, 69.0941386804988, 77.31106001084191, 109.2291169972549, 135.78291497828437, 110.63001401066529, 120.64410470470574, 119.28537211242626], [218.1719505344351, 231.7067111673721, 61.44916598294886, 15.620499351813308, 46.010868281309364, 104.96666137398103, 147.6312974948063, 134.32423459673984, 117.73274820541648, 111.74524598388962], [151.60804727981954, 182.21415971323415, 49.54795656734998, 30.967725134404045, 77.272245987806, 270.5864002495321, 207.03864373589778, 110.43550153822818, 62.80127387243033, 77.25930364687478], [208.61927044259357, 210.86488564955522, 85.87782018658834, 109.10545357588684, 359.30488446443366, 366.0601043544625, 262.1202014343801, 268.83452159274486, 55.78530272392541, 36.0416425818802], [213.915871313935, 348.7907682264541, 298.23983637334567, 332.2724785473512, 262.7298993262853, 30.0, 229.6867431960321, 254.4503880916671, 74.24284477308234, 42.649736224272246], [8.831760866327848, 138.03260484392808, 211.90799890518525, 216.09951411328996, 187.741844030573, 178.02527910383964, 163.8169710378018, 221.99774773632276, 150.40944119303148, 124.42266674525185], [89.99444427296609, 72.98630008433089, 60.63002556489647, 66.24952830020754, 110.85576214162258, 121.74974332621815, 121.57302332343306, 78.75912645528771, 97.02061636580135, 93.18261640456336], [147.49237268414933, 135.33661736573734, 103.99519219656263, 17.233687939614086, 34.9857113690718, 54.47935388750494, 94.19129471453293, 36.578682316343766, 49.52776998815917, 45.155287619502545], [73.57309290766564, 74.82646590612174, 118.59595271340417, 144.44029908581606, 93.57884376289333, 113.75851616472501, 84.55175929571188, 65.12296062065974, 60.63002556489647, 42.61455150532503], [144.30176714094668, 101.39526616169022, 98.48857801796105, 89.66604708583958, 89.70507232035433, 124.39855304624729, 118.15667564721005, 92.00543462209176, 58.762232769015846, 27.147743920996454], [0.0, 0.0, 0.0, 0.0, 0.0, 0.0, 0.0, 0.0, 0.0, 0.0, 0.0, 0.0, 0.0, 0.0, 0.0]]
[0.0, 0.0, 0.0, 0.0, 0.0, 0.0, 0.0, 0.0, 0.0, 0.0, 0.0, 0.0, 0.0, 0.0, 0.0]
[150.0133327407934, 178.3900221424954, 125.13592609638529, 79.96874389409902, 94.33451118228153, 112.2007130102122, 29.832867780352597, 9.643650760992955, 32.96968304366907, 25.748786379167466]
[203.083726576011, 267.6901193544506, 139.6710420953463, 69.0941386804988, 77.31106001084191, 109.2291169972549, 135.78291497828437, 110.63001401066529, 120.64410470470574, 119.28537211242626]
[218.1719505344351, 231.7067111673721, 61.44916598294886, 15.620499351813308, 46.010868281309364, 104.96666137398103, 147.6312974948063, 134.32423459673984, 117.73274820541648, 111.74524598388962]
[151.60804727981954, 182.21415971323415, 49.54795656734998, 30.967725134404045, 77.272245987806, 270.5864002495321, 207.03864373589778, 110.43550153822818, 62.80127387243033, 77.25930364687478]
[208.61927044259357, 210.86488564955522, 85.87782018658834, 109.10545357588684, 359.30488446443366, 366.0601043544625, 262.1202014343801, 268.83452159274486, 55.78530272392541, 36.0416425818802]
[213.915871313935, 348.7907682264541, 298.23983637334567, 332.2724785473512, 262.7298993262853, 30.0, 229.6867431960321, 254.4503880916671, 74.24284477308234, 42.649736224272246]
[8.831760866327848, 138.03260484392808, 211.90799890518525, 216.09951411328996, 187.741844030573, 178.02527910383964, 163.8169710378018, 221.99774773632276, 150.40944119303148, 124.42266674525185]
[89.99444427296609, 72.98630008433089, 60.63002556489647, 66.24952830020754, 110.85576214162258, 121.74974332621815, 121.57302332343306, 78.75912645528771, 97.02061636580135, 93.18261640456336]
[147.49237268414933, 135.33661736573734, 103.99519219656263, 17.233687939614086, 34.9857113690718, 54.47935388750494, 94.19129471453293, 36.578682316343766, 49.52776998815917, 45.155287619502545]
[73.57309290766564, 74.82646590612174, 118.59595271340417, 144.44029908581606, 93.57884376289333, 113.75851616472501, 84.55175929571188, 65.12296062065974, 60.63002556489647, 42.61455150532503]
[144.30176714094668, 101.39526616169022, 98.48857801796105, 89.66604708583958, 89.70507232035433, 124.39855304624729, 118.15667564721005, 92.00543462209176, 58.762232769015846, 27.147743920996454]
[0.0, 0.0, 0.0, 0.0, 0.0, 0.0, 0.0, 0.0, 0.0, 0.0, 0.0, 0.0, 0.0, 0.0, 0.0]
size 13
size0 15
size1 10
size2 10
]]></system-out>
  <system-err><![CDATA[]]></system-err>
</testsuite>
